[2024-10-18 02:17:29] local.ERROR: Please provide a valid cache path. {"exception":"[object] (InvalidArgumentException(code: 0): Please provide a valid cache path. at /Users/user/Documents/Jual Aplikasi/app_gudang_v2/vendor/laravel/framework/src/Illuminate/View/Compilers/Compiler.php:67)
[stacktrace]
#0 /Users/user/Documents/Jual Aplikasi/app_gudang_v2/vendor/laravel/framework/src/Illuminate/View/ViewServiceProvider.php(96): Illuminate\\View\\Compilers\\Compiler->__construct(Object(Illuminate\\Filesystem\\Filesystem), false, '', true, 'php')
#1 /Users/user/Documents/Jual Aplikasi/app_gudang_v2/vendor/laravel/framework/src/Illuminate/Container/Container.php(908): Illuminate\\View\\ViewServiceProvider->Illuminate\\View\\{closure}(Object(Illuminate\\Foundation\\Application), Array)
#2 /Users/user/Documents/Jual Aplikasi/app_gudang_v2/vendor/laravel/framework/src/Illuminate/Container/Container.php(795): Illuminate\\Container\\Container->build(Object(Closure))
#3 /Users/user/Documents/Jual Aplikasi/app_gudang_v2/vendor/laravel/framework/src/Illuminate/Foundation/Application.php(957): Illuminate\\Container\\Container->resolve('blade.compiler', Array, true)
#4 /Users/user/Documents/Jual Aplikasi/app_gudang_v2/vendor/laravel/framework/src/Illuminate/Container/Container.php(731): Illuminate\\Foundation\\Application->resolve('blade.compiler', Array)
#5 /Users/user/Documents/Jual Aplikasi/app_gudang_v2/vendor/laravel/framework/src/Illuminate/Foundation/Application.php(942): Illuminate\\Container\\Container->make('blade.compiler', Array)
#6 /Users/user/Documents/Jual Aplikasi/app_gudang_v2/vendor/laravel/framework/src/Illuminate/Container/Container.php(1454): Illuminate\\Foundation\\Application->make('blade.compiler')
#7 /Users/user/Documents/Jual Aplikasi/app_gudang_v2/vendor/laravel/framework/src/Illuminate/Support/Facades/Facade.php(237): Illuminate\\Container\\Container->offsetGet('blade.compiler')
#8 /Users/user/Documents/Jual Aplikasi/app_gudang_v2/vendor/laravel/framework/src/Illuminate/Support/Facades/Facade.php(208): Illuminate\\Support\\Facades\\Facade::resolveFacadeInstance('blade.compiler')
#9 /Users/user/Documents/Jual Aplikasi/app_gudang_v2/vendor/laravel/framework/src/Illuminate/Support/Facades/Facade.php(349): Illuminate\\Support\\Facades\\Facade::getFacadeRoot()
#10 /Users/user/Documents/Jual Aplikasi/app_gudang_v2/vendor/livewire/livewire/src/Mechanisms/FrontendAssets/FrontendAssets.php(30): Illuminate\\Support\\Facades\\Facade::__callStatic('directive', Array)
#11 /Users/user/Documents/Jual Aplikasi/app_gudang_v2/vendor/livewire/livewire/src/LivewireServiceProvider.php(77): Livewire\\Mechanisms\\FrontendAssets\\FrontendAssets->boot()
#12 /Users/user/Documents/Jual Aplikasi/app_gudang_v2/vendor/livewire/livewire/src/LivewireServiceProvider.php(19): Livewire\\LivewireServiceProvider->bootMechanisms()
#13 /Users/user/Documents/Jual Aplikasi/app_gudang_v2/vendor/laravel/framework/src/Illuminate/Container/BoundMethod.php(36): Livewire\\LivewireServiceProvider->boot()
#14 /Users/user/Documents/Jual Aplikasi/app_gudang_v2/vendor/laravel/framework/src/Illuminate/Container/Util.php(41): Illuminate\\Container\\BoundMethod::Illuminate\\Container\\{closure}()
#15 /Users/user/Documents/Jual Aplikasi/app_gudang_v2/vendor/laravel/framework/src/Illuminate/Container/BoundMethod.php(93): Illuminate\\Container\\Util::unwrapIfClosure(Object(Closure))
#16 /Users/user/Documents/Jual Aplikasi/app_gudang_v2/vendor/laravel/framework/src/Illuminate/Container/BoundMethod.php(35): Illuminate\\Container\\BoundMethod::callBoundMethod(Object(Illuminate\\Foundation\\Application), Array, Object(Closure))
#17 /Users/user/Documents/Jual Aplikasi/app_gudang_v2/vendor/laravel/framework/src/Illuminate/Container/Container.php(662): Illuminate\\Container\\BoundMethod::call(Object(Illuminate\\Foundation\\Application), Array, Array, NULL)
#18 /Users/user/Documents/Jual Aplikasi/app_gudang_v2/vendor/laravel/framework/src/Illuminate/Foundation/Application.php(1030): Illuminate\\Container\\Container->call(Array)
#19 /Users/user/Documents/Jual Aplikasi/app_gudang_v2/vendor/laravel/framework/src/Illuminate/Foundation/Application.php(1011): Illuminate\\Foundation\\Application->bootProvider(Object(Livewire\\LivewireServiceProvider))
#20 [internal function]: Illuminate\\Foundation\\Application->Illuminate\\Foundation\\{closure}(Object(Livewire\\LivewireServiceProvider), 19)
#21 /Users/user/Documents/Jual Aplikasi/app_gudang_v2/vendor/laravel/framework/src/Illuminate/Foundation/Application.php(1010): array_walk(Array, Object(Closure))
#22 /Users/user/Documents/Jual Aplikasi/app_gudang_v2/vendor/laravel/framework/src/Illuminate/Foundation/Bootstrap/BootProviders.php(17): Illuminate\\Foundation\\Application->boot()
#23 /Users/user/Documents/Jual Aplikasi/app_gudang_v2/vendor/laravel/framework/src/Illuminate/Foundation/Application.php(263): Illuminate\\Foundation\\Bootstrap\\BootProviders->bootstrap(Object(Illuminate\\Foundation\\Application))
#24 /Users/user/Documents/Jual Aplikasi/app_gudang_v2/vendor/laravel/framework/src/Illuminate/Foundation/Console/Kernel.php(447): Illuminate\\Foundation\\Application->bootstrapWith(Array)
#25 /Users/user/Documents/Jual Aplikasi/app_gudang_v2/vendor/laravel/framework/src/Illuminate/Foundation/Console/Kernel.php(199): Illuminate\\Foundation\\Console\\Kernel->bootstrap()
#26 /Users/user/Documents/Jual Aplikasi/app_gudang_v2/artisan(35): Illuminate\\Foundation\\Console\\Kernel->handle(Object(Symfony\\Component\\Console\\Input\\ArgvInput), Object(Symfony\\Component\\Console\\Output\\ConsoleOutput))
#27 {main}
"} 
[2024-10-18 02:18:07] local.ERROR: Please provide a valid cache path. {"exception":"[object] (InvalidArgumentException(code: 0): Please provide a valid cache path. at /Users/user/Documents/Jual Aplikasi/app_gudang_v2/vendor/laravel/framework/src/Illuminate/View/Compilers/Compiler.php:67)
[stacktrace]
#0 /Users/user/Documents/Jual Aplikasi/app_gudang_v2/vendor/laravel/framework/src/Illuminate/View/ViewServiceProvider.php(96): Illuminate\\View\\Compilers\\Compiler->__construct(Object(Illuminate\\Filesystem\\Filesystem), false, '', true, 'php')
#1 /Users/user/Documents/Jual Aplikasi/app_gudang_v2/vendor/laravel/framework/src/Illuminate/Container/Container.php(908): Illuminate\\View\\ViewServiceProvider->Illuminate\\View\\{closure}(Object(Illuminate\\Foundation\\Application), Array)
#2 /Users/user/Documents/Jual Aplikasi/app_gudang_v2/vendor/laravel/framework/src/Illuminate/Container/Container.php(795): Illuminate\\Container\\Container->build(Object(Closure))
#3 /Users/user/Documents/Jual Aplikasi/app_gudang_v2/vendor/laravel/framework/src/Illuminate/Foundation/Application.php(957): Illuminate\\Container\\Container->resolve('blade.compiler', Array, true)
#4 /Users/user/Documents/Jual Aplikasi/app_gudang_v2/vendor/laravel/framework/src/Illuminate/Container/Container.php(731): Illuminate\\Foundation\\Application->resolve('blade.compiler', Array)
#5 /Users/user/Documents/Jual Aplikasi/app_gudang_v2/vendor/laravel/framework/src/Illuminate/Foundation/Application.php(942): Illuminate\\Container\\Container->make('blade.compiler', Array)
#6 /Users/user/Documents/Jual Aplikasi/app_gudang_v2/vendor/laravel/framework/src/Illuminate/Container/Container.php(1454): Illuminate\\Foundation\\Application->make('blade.compiler')
#7 /Users/user/Documents/Jual Aplikasi/app_gudang_v2/vendor/laravel/framework/src/Illuminate/Support/Facades/Facade.php(237): Illuminate\\Container\\Container->offsetGet('blade.compiler')
#8 /Users/user/Documents/Jual Aplikasi/app_gudang_v2/vendor/laravel/framework/src/Illuminate/Support/Facades/Facade.php(208): Illuminate\\Support\\Facades\\Facade::resolveFacadeInstance('blade.compiler')
#9 /Users/user/Documents/Jual Aplikasi/app_gudang_v2/vendor/laravel/framework/src/Illuminate/Support/Facades/Facade.php(349): Illuminate\\Support\\Facades\\Facade::getFacadeRoot()
#10 /Users/user/Documents/Jual Aplikasi/app_gudang_v2/vendor/livewire/livewire/src/Mechanisms/FrontendAssets/FrontendAssets.php(30): Illuminate\\Support\\Facades\\Facade::__callStatic('directive', Array)
#11 /Users/user/Documents/Jual Aplikasi/app_gudang_v2/vendor/livewire/livewire/src/LivewireServiceProvider.php(77): Livewire\\Mechanisms\\FrontendAssets\\FrontendAssets->boot()
#12 /Users/user/Documents/Jual Aplikasi/app_gudang_v2/vendor/livewire/livewire/src/LivewireServiceProvider.php(19): Livewire\\LivewireServiceProvider->bootMechanisms()
#13 /Users/user/Documents/Jual Aplikasi/app_gudang_v2/vendor/laravel/framework/src/Illuminate/Container/BoundMethod.php(36): Livewire\\LivewireServiceProvider->boot()
#14 /Users/user/Documents/Jual Aplikasi/app_gudang_v2/vendor/laravel/framework/src/Illuminate/Container/Util.php(41): Illuminate\\Container\\BoundMethod::Illuminate\\Container\\{closure}()
#15 /Users/user/Documents/Jual Aplikasi/app_gudang_v2/vendor/laravel/framework/src/Illuminate/Container/BoundMethod.php(93): Illuminate\\Container\\Util::unwrapIfClosure(Object(Closure))
#16 /Users/user/Documents/Jual Aplikasi/app_gudang_v2/vendor/laravel/framework/src/Illuminate/Container/BoundMethod.php(35): Illuminate\\Container\\BoundMethod::callBoundMethod(Object(Illuminate\\Foundation\\Application), Array, Object(Closure))
#17 /Users/user/Documents/Jual Aplikasi/app_gudang_v2/vendor/laravel/framework/src/Illuminate/Container/Container.php(662): Illuminate\\Container\\BoundMethod::call(Object(Illuminate\\Foundation\\Application), Array, Array, NULL)
#18 /Users/user/Documents/Jual Aplikasi/app_gudang_v2/vendor/laravel/framework/src/Illuminate/Foundation/Application.php(1030): Illuminate\\Container\\Container->call(Array)
#19 /Users/user/Documents/Jual Aplikasi/app_gudang_v2/vendor/laravel/framework/src/Illuminate/Foundation/Application.php(1011): Illuminate\\Foundation\\Application->bootProvider(Object(Livewire\\LivewireServiceProvider))
#20 [internal function]: Illuminate\\Foundation\\Application->Illuminate\\Foundation\\{closure}(Object(Livewire\\LivewireServiceProvider), 19)
#21 /Users/user/Documents/Jual Aplikasi/app_gudang_v2/vendor/laravel/framework/src/Illuminate/Foundation/Application.php(1010): array_walk(Array, Object(Closure))
#22 /Users/user/Documents/Jual Aplikasi/app_gudang_v2/vendor/laravel/framework/src/Illuminate/Foundation/Bootstrap/BootProviders.php(17): Illuminate\\Foundation\\Application->boot()
#23 /Users/user/Documents/Jual Aplikasi/app_gudang_v2/vendor/laravel/framework/src/Illuminate/Foundation/Application.php(263): Illuminate\\Foundation\\Bootstrap\\BootProviders->bootstrap(Object(Illuminate\\Foundation\\Application))
#24 /Users/user/Documents/Jual Aplikasi/app_gudang_v2/vendor/laravel/framework/src/Illuminate/Foundation/Console/Kernel.php(447): Illuminate\\Foundation\\Application->bootstrapWith(Array)
#25 /Users/user/Documents/Jual Aplikasi/app_gudang_v2/vendor/laravel/framework/src/Illuminate/Foundation/Console/Kernel.php(199): Illuminate\\Foundation\\Console\\Kernel->bootstrap()
#26 /Users/user/Documents/Jual Aplikasi/app_gudang_v2/artisan(35): Illuminate\\Foundation\\Console\\Kernel->handle(Object(Symfony\\Component\\Console\\Input\\ArgvInput), Object(Symfony\\Component\\Console\\Output\\ConsoleOutput))
#27 {main}
"} 
[2024-10-18 02:19:00] local.ERROR: Please provide a valid cache path. {"exception":"[object] (InvalidArgumentException(code: 0): Please provide a valid cache path. at /Users/user/Documents/Jual Aplikasi/app_gudang_v2/vendor/laravel/framework/src/Illuminate/View/Compilers/Compiler.php:67)
[stacktrace]
#0 /Users/user/Documents/Jual Aplikasi/app_gudang_v2/vendor/laravel/framework/src/Illuminate/View/ViewServiceProvider.php(96): Illuminate\\View\\Compilers\\Compiler->__construct(Object(Illuminate\\Filesystem\\Filesystem), false, '', true, 'php')
#1 /Users/user/Documents/Jual Aplikasi/app_gudang_v2/vendor/laravel/framework/src/Illuminate/Container/Container.php(908): Illuminate\\View\\ViewServiceProvider->Illuminate\\View\\{closure}(Object(Illuminate\\Foundation\\Application), Array)
#2 /Users/user/Documents/Jual Aplikasi/app_gudang_v2/vendor/laravel/framework/src/Illuminate/Container/Container.php(795): Illuminate\\Container\\Container->build(Object(Closure))
#3 /Users/user/Documents/Jual Aplikasi/app_gudang_v2/vendor/laravel/framework/src/Illuminate/Foundation/Application.php(957): Illuminate\\Container\\Container->resolve('blade.compiler', Array, true)
#4 /Users/user/Documents/Jual Aplikasi/app_gudang_v2/vendor/laravel/framework/src/Illuminate/Container/Container.php(731): Illuminate\\Foundation\\Application->resolve('blade.compiler', Array)
#5 /Users/user/Documents/Jual Aplikasi/app_gudang_v2/vendor/laravel/framework/src/Illuminate/Foundation/Application.php(942): Illuminate\\Container\\Container->make('blade.compiler', Array)
#6 /Users/user/Documents/Jual Aplikasi/app_gudang_v2/vendor/laravel/framework/src/Illuminate/Container/Container.php(1454): Illuminate\\Foundation\\Application->make('blade.compiler')
#7 /Users/user/Documents/Jual Aplikasi/app_gudang_v2/vendor/laravel/framework/src/Illuminate/Support/Facades/Facade.php(237): Illuminate\\Container\\Container->offsetGet('blade.compiler')
#8 /Users/user/Documents/Jual Aplikasi/app_gudang_v2/vendor/laravel/framework/src/Illuminate/Support/Facades/Facade.php(208): Illuminate\\Support\\Facades\\Facade::resolveFacadeInstance('blade.compiler')
#9 /Users/user/Documents/Jual Aplikasi/app_gudang_v2/vendor/laravel/framework/src/Illuminate/Support/Facades/Facade.php(349): Illuminate\\Support\\Facades\\Facade::getFacadeRoot()
#10 /Users/user/Documents/Jual Aplikasi/app_gudang_v2/vendor/livewire/livewire/src/Mechanisms/FrontendAssets/FrontendAssets.php(30): Illuminate\\Support\\Facades\\Facade::__callStatic('directive', Array)
#11 /Users/user/Documents/Jual Aplikasi/app_gudang_v2/vendor/livewire/livewire/src/LivewireServiceProvider.php(77): Livewire\\Mechanisms\\FrontendAssets\\FrontendAssets->boot()
#12 /Users/user/Documents/Jual Aplikasi/app_gudang_v2/vendor/livewire/livewire/src/LivewireServiceProvider.php(19): Livewire\\LivewireServiceProvider->bootMechanisms()
#13 /Users/user/Documents/Jual Aplikasi/app_gudang_v2/vendor/laravel/framework/src/Illuminate/Container/BoundMethod.php(36): Livewire\\LivewireServiceProvider->boot()
#14 /Users/user/Documents/Jual Aplikasi/app_gudang_v2/vendor/laravel/framework/src/Illuminate/Container/Util.php(41): Illuminate\\Container\\BoundMethod::Illuminate\\Container\\{closure}()
#15 /Users/user/Documents/Jual Aplikasi/app_gudang_v2/vendor/laravel/framework/src/Illuminate/Container/BoundMethod.php(93): Illuminate\\Container\\Util::unwrapIfClosure(Object(Closure))
#16 /Users/user/Documents/Jual Aplikasi/app_gudang_v2/vendor/laravel/framework/src/Illuminate/Container/BoundMethod.php(35): Illuminate\\Container\\BoundMethod::callBoundMethod(Object(Illuminate\\Foundation\\Application), Array, Object(Closure))
#17 /Users/user/Documents/Jual Aplikasi/app_gudang_v2/vendor/laravel/framework/src/Illuminate/Container/Container.php(662): Illuminate\\Container\\BoundMethod::call(Object(Illuminate\\Foundation\\Application), Array, Array, NULL)
#18 /Users/user/Documents/Jual Aplikasi/app_gudang_v2/vendor/laravel/framework/src/Illuminate/Foundation/Application.php(1030): Illuminate\\Container\\Container->call(Array)
#19 /Users/user/Documents/Jual Aplikasi/app_gudang_v2/vendor/laravel/framework/src/Illuminate/Foundation/Application.php(1011): Illuminate\\Foundation\\Application->bootProvider(Object(Livewire\\LivewireServiceProvider))
#20 [internal function]: Illuminate\\Foundation\\Application->Illuminate\\Foundation\\{closure}(Object(Livewire\\LivewireServiceProvider), 19)
#21 /Users/user/Documents/Jual Aplikasi/app_gudang_v2/vendor/laravel/framework/src/Illuminate/Foundation/Application.php(1010): array_walk(Array, Object(Closure))
#22 /Users/user/Documents/Jual Aplikasi/app_gudang_v2/vendor/laravel/framework/src/Illuminate/Foundation/Bootstrap/BootProviders.php(17): Illuminate\\Foundation\\Application->boot()
#23 /Users/user/Documents/Jual Aplikasi/app_gudang_v2/vendor/laravel/framework/src/Illuminate/Foundation/Application.php(263): Illuminate\\Foundation\\Bootstrap\\BootProviders->bootstrap(Object(Illuminate\\Foundation\\Application))
#24 /Users/user/Documents/Jual Aplikasi/app_gudang_v2/vendor/laravel/framework/src/Illuminate/Foundation/Console/Kernel.php(447): Illuminate\\Foundation\\Application->bootstrapWith(Array)
#25 /Users/user/Documents/Jual Aplikasi/app_gudang_v2/vendor/laravel/framework/src/Illuminate/Foundation/Console/Kernel.php(199): Illuminate\\Foundation\\Console\\Kernel->bootstrap()
#26 /Users/user/Documents/Jual Aplikasi/app_gudang_v2/artisan(35): Illuminate\\Foundation\\Console\\Kernel->handle(Object(Symfony\\Component\\Console\\Input\\ArgvInput), Object(Symfony\\Component\\Console\\Output\\ConsoleOutput))
#27 {main}
"} 
